<?xml version="1.0" encoding="UTF-8"?>
<!-- Generated by org.testng.reporters.JUnitReportReporter -->
<testsuite name="com.TestLayer.multiwindosTest" tests="8" time="2.800" ignored="0" failures="0" timestamp="14 Jun 2022 10:56:47 GMT" skipped="0" hostname="DESKTOP-2FSNI8M" errors="0">
  <testcase name="passTextbox" time="0.128" classname="com.TestLayer.multiwindosTest"/>
  <testcase name="unameIsDisplayed" time="0.850" classname="com.TestLayer.multiwindosTest"/>
  <testcase name="unameTextbox" time="0.435" classname="com.TestLayer.multiwindosTest"/>
  <testcase name="passIsEnabled" time="0.032" classname="com.TestLayer.multiwindosTest"/>
  <testcase name="newWindowBtn" time="0.485" classname="com.TestLayer.multiwindosTest"/>
  <testcase name="unameIsEnabled" time="0.086" classname="com.TestLayer.multiwindosTest"/>
  <testcase name="submitBtn" time="0.689" classname="com.TestLayer.multiwindosTest"/>
  <testcase name="passIsDisplayed" time="0.095" classname="com.TestLayer.multiwindosTest"/>
</testsuite> <!-- com.TestLayer.multiwindosTest -->
