<?xml version="1.0" encoding="UTF-8"?>
<!-- Generated by org.testng.reporters.JUnitReportReporter -->
<testsuite name="com.TestLayer.multiwindosTest" tests="8" time="6.603" ignored="0" failures="0" timestamp="17 Jun 2022 08:11:47 GMT" skipped="0" hostname="DESKTOP-2FSNI8M" errors="0">
  <testcase name="unameIsEnabled" time="0.708" classname="com.TestLayer.multiwindosTest"/>
  <testcase name="passTextbox" time="0.119" classname="com.TestLayer.multiwindosTest"/>
  <testcase name="passIsDisplayed" time="0.057" classname="com.TestLayer.multiwindosTest"/>
  <testcase name="passIsEnabled" time="0.032" classname="com.TestLayer.multiwindosTest"/>
  <testcase name="newWindowBtn" time="0.807" classname="com.TestLayer.multiwindosTest"/>
  <testcase name="submitBtn" time="2.094" classname="com.TestLayer.multiwindosTest"/>
  <testcase name="unameIsDisplayed" time="0.751" classname="com.TestLayer.multiwindosTest"/>
  <testcase name="unameTextbox" time="2.035" classname="com.TestLayer.multiwindosTest"/>
</testsuite> <!-- com.TestLayer.multiwindosTest -->
